<?xml version="1.0" encoding="UTF-8"?>
<!-- Generated by org.testng.reporters.JUnitReportReporter -->
<testsuite hostname="LAPTOP-G1ED9TJB" failures="0" tests="3" name="listeners.listenerTest" time="0.011" errors="0" timestamp="3 Apr 2021 15:04:50 GMT">
  <testcase classname="listeners.listenerTest" name="test3" time="0.001"/>
  <testcase classname="listeners.listenerTest" name="test2" time="0.002"/>
  <testcase classname="listeners.listenerTest" name="test1" time="0.008"/>
</testsuite> <!-- listeners.listenerTest -->
