<?xml version="1.0" encoding="UTF-8"?>
<!-- Generated by org.testng.reporters.JUnitReportReporter -->
<testsuite hostname="LAPTOP-G1ED9TJB" failures="0" tests="6" name="TestNG.DataproviderClass" time="0.015" errors="0" timestamp="27 Mar 2021 15:02:19 GMT">
  <testcase classname="TestNG.DataproviderClass" name="test2" time="0.008"/>
  <testcase classname="TestNG.DataproviderClass" name="test2" time="0.001"/>
  <testcase classname="TestNG.DataproviderClass" name="test3" time="0.002"/>
  <testcase classname="TestNG.DataproviderClass" name="test3" time="0.001"/>
  <testcase classname="TestNG.DataproviderClass" name="test3" time="0.001"/>
  <testcase classname="TestNG.DataproviderClass" name="test2" time="0.002"/>
</testsuite> <!-- TestNG.DataproviderClass -->
