<?xml version="1.0" encoding="UTF-8"?>
<!-- Generated by org.testng.reporters.JUnitReportReporter -->
<testsuite hostname="LAPTOP-G1ED9TJB" failures="0" tests="2" name="TestNG.PriorityExample" time="0.002" errors="0" timestamp="27 Mar 2021 16:56:50 GMT">
  <testcase classname="TestNG.PriorityExample" name="atest" time="0.000"/>
  <testcase classname="TestNG.PriorityExample" name="btest" time="0.002"/>
</testsuite> <!-- TestNG.PriorityExample -->
