<?xml version="1.0" encoding="UTF-8"?>
<!-- Generated by org.testng.reporters.JUnitReportReporter -->
<testsuite hostname="LAPTOP-G1ED9TJB" failures="0" tests="3" name="TestNG.Sample" time="0.006" errors="0" timestamp="27 Mar 2021 15:50:31 GMT">
  <testcase classname="TestNG.Sample" name="test1" time="0.004"/>
  <testcase classname="TestNG.Sample" name="test3" time="0.001"/>
  <testcase classname="TestNG.Sample" name="test2" time="0.001"/>
</testsuite> <!-- TestNG.Sample -->
