<?xml version="1.0" encoding="UTF-8"?>
<!-- Generated by org.testng.reporters.JUnitReportReporter -->
<testsuite hostname="LAPTOP-G1ED9TJB" failures="0" tests="3" name="ParallelExecution.Parallel1" time="0.010" errors="0" timestamp="3 Apr 2021 14:22:24 GMT">
  <testcase classname="ParallelExecution.Parallel1" name="test2" time="0.001"/>
  <testcase classname="ParallelExecution.Parallel1" name="test3" time="0.001"/>
  <testcase classname="ParallelExecution.Parallel1" name="test1" time="0.008"/>
</testsuite> <!-- ParallelExecution.Parallel1 -->
