<?xml version="1.0" encoding="UTF-8"?>
<!-- Generated by org.testng.reporters.JUnitReportReporter -->
<testsuite hostname="LAPTOP-G1ED9TJB" failures="0" tests="3" name="ParallelExecution.Parallel3" time="0.003" errors="0" timestamp="3 Apr 2021 14:21:21 GMT">
  <testcase classname="ParallelExecution.Parallel3" name="test9" time="0.001"/>
  <testcase classname="ParallelExecution.Parallel3" name="test8" time="0.001"/>
  <testcase classname="ParallelExecution.Parallel3" name="test7" time="0.001"/>
</testsuite> <!-- ParallelExecution.Parallel3 -->
