<?xml version="1.0" encoding="UTF-8"?>
<!-- Generated by org.testng.reporters.JUnitReportReporter -->
<testsuite hostname="LAPTOP-G1ED9TJB" failures="0" tests="3" name="TestNG.Login" time="19.698" errors="0" timestamp="3 Apr 2021 16:38:59 GMT">
  <testcase classname="TestNG.Login" name="login" time="6.297"/>
  <testcase classname="TestNG.Login" name="login" time="6.643"/>
  <testcase classname="TestNG.Login" name="login" time="6.758"/>
</testsuite> <!-- TestNG.Login -->
