<?xml version="1.0" encoding="UTF-8"?>
<!-- Generated by org.testng.reporters.JUnitReportReporter -->
<testsuite hostname="LAPTOP-G1ED9TJB" failures="0" tests="3" name="ParallelExecution.Parallel2" time="0.003" errors="0" timestamp="3 Apr 2021 14:21:21 GMT">
  <testcase classname="ParallelExecution.Parallel2" name="test5" time="0.001"/>
  <testcase classname="ParallelExecution.Parallel2" name="test4" time="0.001"/>
  <testcase classname="ParallelExecution.Parallel2" name="test6" time="0.001"/>
</testsuite> <!-- ParallelExecution.Parallel2 -->
