<?xml version="1.0" encoding="UTF-8"?>
<!-- Generated by org.testng.reporters.JUnitReportReporter -->
<testsuite hostname="LAPTOP-G1ED9TJB" failures="0" tests="3" name="TestNG.Dataprovider" time="0.010" errors="0" timestamp="27 Mar 2021 14:48:52 GMT">
  <testcase classname="TestNG.Dataprovider" name="test2" time="0.001"/>
  <testcase classname="TestNG.Dataprovider" name="test2" time="0.008"/>
  <testcase classname="TestNG.Dataprovider" name="test2" time="0.001"/>
</testsuite> <!-- TestNG.Dataprovider -->
