<?xml version="1.0" encoding="UTF-8"?>
<!-- Generated by org.testng.reporters.JUnitReportReporter -->
<testsuite hostname="LAPTOP-G1ED9TJB" failures="0" tests="1" name="PageObjectModel.Driver" time="9.273" errors="0" timestamp="4 Apr 2021 16:13:56 GMT">
  <testcase classname="PageObjectModel.Driver" name="testDirectoryPage" time="9.273"/>
</testsuite> <!-- PageObjectModel.Driver -->
